<?xml version="1.0" encoding="UTF-8"?>
<testsuite name="com.example.ecommerce.application.usecase.PublicarArticuloUseCaseTest" tests="1" skipped="0" failures="0" errors="0" timestamp="2026-09-20T05:12:01.207Z" hostname="DESKTOP-Q7O3V6O" time="0.111">
  <properties/>
  <testcase name="debePublicarArticuloCorrectamente()" classname="com.example.ecommerce.application.usecase.PublicarArticuloUseCaseTest" time="0.078"/>
  <system-out><![CDATA[]]></system-out>
  <system-err><![CDATA[]]></system-err>
</testsuite>
